<?xml version="1.0" encoding="UTF-8"?>
<testng-results skipped="0" failed="0" ignored="0" total="0" passed="0">
  <reporter-output>
  </reporter-output>
  <suite name="Default suite" duration-ms="10428" started-at="2018-12-04T19:35:07Z" finished-at="2018-12-04T19:35:17Z">
    <groups>
    </groups>
    <test name="Default test" duration-ms="10428" started-at="2018-12-04T19:35:07Z" finished-at="2018-12-04T19:35:17Z">
      <class name="testClass.NewTest">
        <test-method status="PASS" signature="beforeTest()[pri:0, instance:testClass.NewTest@2db7a79b]" name="beforeTest" is-config="true" duration-ms="10417" started-at="2018-12-04T19:35:07Z" finished-at="2018-12-04T19:35:17Z">
          <reporter-output>
          </reporter-output>
        </test-method> <!-- beforeTest -->
      </class> <!-- testClass.NewTest -->
    </test> <!-- Default test -->
  </suite> <!-- Default suite -->
</testng-results>
